<?xml version="1.0" encoding="UTF-8"?>
<!-- Generated by org.testng.reporters.JUnitXMLReporter -->
<testsuite ignored="0" hostname="LAPTOP-VKAG1RPA" failures="0" tests="4" name="Test" time="1.181" errors="0" timestamp="2021-01-04T14:10:29 IST">
  <testcase classname="com.extraPOSTest.resources.BaseClass" name="@BeforeClass setUP" time="-1.609749628473E9">
    <failure type="org.testng.TestNGException" message="
Parameter &amp;apos;browser&amp;apos; is required by BeforeClass on method setUP but has not been marked @Optional or defined
in C:\Users\Susmith\eclipse-workspace\ExtraPOS-AutomationTest\testng.xml">
      <![CDATA[org.testng.TestNGException: 
Parameter 'browser' is required by BeforeClass on method setUP but has not been marked @Optional or defined
in C:\Users\Susmith\eclipse-workspace\ExtraPOS-AutomationTest\testng.xml
at java.base/java.util.ArrayList.forEach(ArrayList.java:1511)
... Removed 22 stack frames]]>
    </failure>
  </testcase> <!-- @BeforeClass setUP -->
  <testcase classname="com.extraPOSTest.resources.BaseClass" name="@AfterClass tearDown" time="-1.609749629621E9">
    <skipped/>
  </testcase> <!-- @AfterClass tearDown -->
  <testcase classname="com.extraPOSTest.testCases.xxx" name="loginDDT" time="0.0">
    <skipped/>
  </testcase> <!-- loginDDT -->
  <testcase classname="com.extraPOSTest.testCases.xxx" name="loginDDT" time="0.0">
    <skipped/>
  </testcase> <!-- loginDDT -->
  <testcase classname="com.extraPOSTest.testCases.xxx" name="loginDDT" time="0.0">
    <skipped/>
  </testcase> <!-- loginDDT -->
  <testcase classname="com.extraPOSTest.testCases.xxx" name="LoginMethod_UsrMgmntDDT" time="0.0">
    <skipped/>
  </testcase> <!-- LoginMethod_UsrMgmntDDT -->
</testsuite> <!-- Test -->
